============================= test session starts ==============================
platform linux -- Python 3.12.1, pytest-8.3.4, pluggy-1.6.0
rootdir: /home/paddez/dev/pypinergy
configfile: pyproject.toml
testpaths: tests
plugins: anyio-4.12.1, requests-mock-1.12.1, timeout-2.3.1, homeassistant-custom-component-0.13.205, sugar-1.0.0, respx-0.21.1, github-actions-annotate-failures-0.2.0, asyncio-0.24.0, cov-6.0.0, picked-0.5.0, xdist-3.6.1, socket-0.7.0, pytest_freezer-0.4.8, aiohttp-1.0.5, unordered-0.6.1, syrupy-4.8.0, mock-3.15.1
asyncio: mode=Mode.STRICT, default_loop_scope=None
collected 127 items

tests/integration/test_integration.py FFFFFFsssssssssssssssss            [ 18%]
tests/unit/test_auth.py ......                                           [ 22%]
tests/unit/test_client.py .......................................        [ 53%]
tests/unit/test_logout_behavior.py .                                     [ 54%]
tests/unit/test_models.py ................................               [ 79%]
tests/unit/test_robustness.py ..........................                 [100%]

=================================== FAILURES ===================================
__________________ test_login_unknown_email_raises_auth_error __________________

    @pytest.mark.network
    def test_login_unknown_email_raises_auth_error():
        """Completely unknown email returns success:false → PinergyAuthError."""
        c = PinergyClient(_BAD_EMAIL, _BAD_PASSWORD)
        with pytest.raises(PinergyAuthError):
>           c.login()

tests/integration/test_integration.py:67: 
_ _ _ _ _ _ _ _ _ _ _ _ _ _ _ _ _ _ _ _ _ _ _ _ _ _ _ _ _ _ _ _ _ _ _ _ _ _ _ _ 
src/pypinergy/client.py:237: in login
    data = self._request("POST", "/api/login/", json=payload, check_api_error=False)
src/pypinergy/client.py:168: in _request
    response = self._session.request(
src/pypinergy/client.py:43: in request
    return super().request(method, url, *args, **kwargs)
../../.pyenv/versions/3.12.1/lib/python3.12/site-packages/requests/sessions.py:589: in request
    resp = self.send(prep, **send_kwargs)
../../.pyenv/versions/3.12.1/lib/python3.12/site-packages/requests/sessions.py:703: in send
    r = adapter.send(request, **kwargs)
../../.pyenv/versions/3.12.1/lib/python3.12/site-packages/requests/adapters.py:644: in send
    resp = conn.urlopen(
../../.pyenv/versions/3.12.1/lib/python3.12/site-packages/urllib3/connectionpool.py:787: in urlopen
    response = self._make_request(
../../.pyenv/versions/3.12.1/lib/python3.12/site-packages/urllib3/connectionpool.py:464: in _make_request
    self._validate_conn(conn)
../../.pyenv/versions/3.12.1/lib/python3.12/site-packages/urllib3/connectionpool.py:1093: in _validate_conn
    conn.connect()
../../.pyenv/versions/3.12.1/lib/python3.12/site-packages/urllib3/connection.py:759: in connect
    self.sock = sock = self._new_conn()
../../.pyenv/versions/3.12.1/lib/python3.12/site-packages/urllib3/connection.py:204: in _new_conn
    sock = connection.create_connection(
../../.pyenv/versions/3.12.1/lib/python3.12/site-packages/urllib3/util/connection.py:64: in create_connection
    sock = socket.socket(af, socktype, proto)
_ _ _ _ _ _ _ _ _ _ _ _ _ _ _ _ _ _ _ _ _ _ _ _ _ _ _ _ _ _ _ _ _ _ _ _ _ _ _ _ 

cls = <class 'pytest_socket.disable_socket.<locals>.GuardedSocket'>
family = <AddressFamily.AF_INET: 2>, type = <SocketKind.SOCK_STREAM: 1>
proto = 6, fileno = None

    def __new__(cls, family=-1, type=-1, proto=-1, fileno=None):
        if _is_unix_socket(family) and allow_unix_socket:
            return super().__new__(cls, family, type, proto, fileno)
    
>       raise SocketBlockedError()
E       pytest_socket.SocketBlockedError: A test tried to use socket.socket.

../../.pyenv/versions/3.12.1/lib/python3.12/site-packages/pytest_socket.py:89: SocketBlockedError
_________________ test_login_empty_password_raises_auth_error __________________

    @pytest.mark.network
    def test_login_empty_password_raises_auth_error():
        """An empty password hash is rejected by the API."""
        c = PinergyClient(_BAD_EMAIL, "")
        with pytest.raises(PinergyAuthError):
>           c.login()

tests/integration/test_integration.py:75: 
_ _ _ _ _ _ _ _ _ _ _ _ _ _ _ _ _ _ _ _ _ _ _ _ _ _ _ _ _ _ _ _ _ _ _ _ _ _ _ _ 
src/pypinergy/client.py:237: in login
    data = self._request("POST", "/api/login/", json=payload, check_api_error=False)
src/pypinergy/client.py:168: in _request
    response = self._session.request(
src/pypinergy/client.py:43: in request
    return super().request(method, url, *args, **kwargs)
../../.pyenv/versions/3.12.1/lib/python3.12/site-packages/requests/sessions.py:589: in request
    resp = self.send(prep, **send_kwargs)
../../.pyenv/versions/3.12.1/lib/python3.12/site-packages/requests/sessions.py:703: in send
    r = adapter.send(request, **kwargs)
../../.pyenv/versions/3.12.1/lib/python3.12/site-packages/requests/adapters.py:644: in send
    resp = conn.urlopen(
../../.pyenv/versions/3.12.1/lib/python3.12/site-packages/urllib3/connectionpool.py:787: in urlopen
    response = self._make_request(
../../.pyenv/versions/3.12.1/lib/python3.12/site-packages/urllib3/connectionpool.py:464: in _make_request
    self._validate_conn(conn)
../../.pyenv/versions/3.12.1/lib/python3.12/site-packages/urllib3/connectionpool.py:1093: in _validate_conn
    conn.connect()
../../.pyenv/versions/3.12.1/lib/python3.12/site-packages/urllib3/connection.py:759: in connect
    self.sock = sock = self._new_conn()
../../.pyenv/versions/3.12.1/lib/python3.12/site-packages/urllib3/connection.py:204: in _new_conn
    sock = connection.create_connection(
../../.pyenv/versions/3.12.1/lib/python3.12/site-packages/urllib3/util/connection.py:64: in create_connection
    sock = socket.socket(af, socktype, proto)
_ _ _ _ _ _ _ _ _ _ _ _ _ _ _ _ _ _ _ _ _ _ _ _ _ _ _ _ _ _ _ _ _ _ _ _ _ _ _ _ 

cls = <class 'pytest_socket.disable_socket.<locals>.GuardedSocket'>
family = <AddressFamily.AF_INET: 2>, type = <SocketKind.SOCK_STREAM: 1>
proto = 6, fileno = None

    def __new__(cls, family=-1, type=-1, proto=-1, fileno=None):
        if _is_unix_socket(family) and allow_unix_socket:
            return super().__new__(cls, family, type, proto, fileno)
    
>       raise SocketBlockedError()
E       pytest_socket.SocketBlockedError: A test tried to use socket.socket.

../../.pyenv/versions/3.12.1/lib/python3.12/site-packages/pytest_socket.py:89: SocketBlockedError
___________________ test_login_failure_does_not_store_token ____________________

    @pytest.mark.network
    def test_login_failure_does_not_store_token():
        """A failed login must not set auth_token — client stays unauthenticated."""
        c = PinergyClient(_BAD_EMAIL, _BAD_PASSWORD)
        with pytest.raises(PinergyAuthError):
>           c.login()

tests/integration/test_integration.py:83: 
_ _ _ _ _ _ _ _ _ _ _ _ _ _ _ _ _ _ _ _ _ _ _ _ _ _ _ _ _ _ _ _ _ _ _ _ _ _ _ _ 
src/pypinergy/client.py:237: in login
    data = self._request("POST", "/api/login/", json=payload, check_api_error=False)
src/pypinergy/client.py:168: in _request
    response = self._session.request(
src/pypinergy/client.py:43: in request
    return super().request(method, url, *args, **kwargs)
../../.pyenv/versions/3.12.1/lib/python3.12/site-packages/requests/sessions.py:589: in request
    resp = self.send(prep, **send_kwargs)
../../.pyenv/versions/3.12.1/lib/python3.12/site-packages/requests/sessions.py:703: in send
    r = adapter.send(request, **kwargs)
../../.pyenv/versions/3.12.1/lib/python3.12/site-packages/requests/adapters.py:644: in send
    resp = conn.urlopen(
../../.pyenv/versions/3.12.1/lib/python3.12/site-packages/urllib3/connectionpool.py:787: in urlopen
    response = self._make_request(
../../.pyenv/versions/3.12.1/lib/python3.12/site-packages/urllib3/connectionpool.py:464: in _make_request
    self._validate_conn(conn)
../../.pyenv/versions/3.12.1/lib/python3.12/site-packages/urllib3/connectionpool.py:1093: in _validate_conn
    conn.connect()
../../.pyenv/versions/3.12.1/lib/python3.12/site-packages/urllib3/connection.py:759: in connect
    self.sock = sock = self._new_conn()
../../.pyenv/versions/3.12.1/lib/python3.12/site-packages/urllib3/connection.py:204: in _new_conn
    sock = connection.create_connection(
../../.pyenv/versions/3.12.1/lib/python3.12/site-packages/urllib3/util/connection.py:64: in create_connection
    sock = socket.socket(af, socktype, proto)
_ _ _ _ _ _ _ _ _ _ _ _ _ _ _ _ _ _ _ _ _ _ _ _ _ _ _ _ _ _ _ _ _ _ _ _ _ _ _ _ 

cls = <class 'pytest_socket.disable_socket.<locals>.GuardedSocket'>
family = <AddressFamily.AF_INET: 2>, type = <SocketKind.SOCK_STREAM: 1>
proto = 6, fileno = None

    def __new__(cls, family=-1, type=-1, proto=-1, fileno=None):
        if _is_unix_socket(family) and allow_unix_socket:
            return super().__new__(cls, family, type, proto, fileno)
    
>       raise SocketBlockedError()
E       pytest_socket.SocketBlockedError: A test tried to use socket.socket.

../../.pyenv/versions/3.12.1/lib/python3.12/site-packages/pytest_socket.py:89: SocketBlockedError
____________________ test_login_error_message_is_non_empty _____________________

    @pytest.mark.network
    def test_login_error_message_is_non_empty():
        """The API error message must be preserved in the exception."""
        c = PinergyClient(_BAD_EMAIL, _BAD_PASSWORD)
        with pytest.raises(PinergyAuthError) as exc_info:
>           c.login()

tests/integration/test_integration.py:93: 
_ _ _ _ _ _ _ _ _ _ _ _ _ _ _ _ _ _ _ _ _ _ _ _ _ _ _ _ _ _ _ _ _ _ _ _ _ _ _ _ 
src/pypinergy/client.py:237: in login
    data = self._request("POST", "/api/login/", json=payload, check_api_error=False)
src/pypinergy/client.py:168: in _request
    response = self._session.request(
src/pypinergy/client.py:43: in request
    return super().request(method, url, *args, **kwargs)
../../.pyenv/versions/3.12.1/lib/python3.12/site-packages/requests/sessions.py:589: in request
    resp = self.send(prep, **send_kwargs)
../../.pyenv/versions/3.12.1/lib/python3.12/site-packages/requests/sessions.py:703: in send
    r = adapter.send(request, **kwargs)
../../.pyenv/versions/3.12.1/lib/python3.12/site-packages/requests/adapters.py:644: in send
    resp = conn.urlopen(
../../.pyenv/versions/3.12.1/lib/python3.12/site-packages/urllib3/connectionpool.py:787: in urlopen
    response = self._make_request(
../../.pyenv/versions/3.12.1/lib/python3.12/site-packages/urllib3/connectionpool.py:464: in _make_request
    self._validate_conn(conn)
../../.pyenv/versions/3.12.1/lib/python3.12/site-packages/urllib3/connectionpool.py:1093: in _validate_conn
    conn.connect()
../../.pyenv/versions/3.12.1/lib/python3.12/site-packages/urllib3/connection.py:759: in connect
    self.sock = sock = self._new_conn()
../../.pyenv/versions/3.12.1/lib/python3.12/site-packages/urllib3/connection.py:204: in _new_conn
    sock = connection.create_connection(
../../.pyenv/versions/3.12.1/lib/python3.12/site-packages/urllib3/util/connection.py:64: in create_connection
    sock = socket.socket(af, socktype, proto)
_ _ _ _ _ _ _ _ _ _ _ _ _ _ _ _ _ _ _ _ _ _ _ _ _ _ _ _ _ _ _ _ _ _ _ _ _ _ _ _ 

cls = <class 'pytest_socket.disable_socket.<locals>.GuardedSocket'>
family = <AddressFamily.AF_INET: 2>, type = <SocketKind.SOCK_STREAM: 1>
proto = 6, fileno = None

    def __new__(cls, family=-1, type=-1, proto=-1, fileno=None):
        if _is_unix_socket(family) and allow_unix_socket:
            return super().__new__(cls, family, type, proto, fileno)
    
>       raise SocketBlockedError()
E       pytest_socket.SocketBlockedError: A test tried to use socket.socket.

../../.pyenv/versions/3.12.1/lib/python3.12/site-packages/pytest_socket.py:89: SocketBlockedError
_____________ test_auto_login_failure_propagates_through_api_call ______________

    @pytest.mark.network
    def test_auto_login_failure_propagates_through_api_call():
        """When _ensure_auth() triggers login() and that fails, the caller sees PinergyAuthError."""
        c = PinergyClient(_BAD_EMAIL, _BAD_PASSWORD)
        # get_balance() internally calls _ensure_auth() → login() → raises
        with pytest.raises(PinergyAuthError):
>           c.get_balance()

tests/integration/test_integration.py:103: 
_ _ _ _ _ _ _ _ _ _ _ _ _ _ _ _ _ _ _ _ _ _ _ _ _ _ _ _ _ _ _ _ _ _ _ _ _ _ _ _ 
src/pypinergy/client.py:323: in get_balance
    return BalanceResponse._from_dict(self._get("/api/balance/"))
src/pypinergy/client.py:203: in _get
    return self._request("GET", path, authenticated=True)
src/pypinergy/client.py:164: in _request
    self._ensure_auth()
src/pypinergy/client.py:133: in _ensure_auth
    self.login()
src/pypinergy/client.py:237: in login
    data = self._request("POST", "/api/login/", json=payload, check_api_error=False)
src/pypinergy/client.py:168: in _request
    response = self._session.request(
src/pypinergy/client.py:43: in request
    return super().request(method, url, *args, **kwargs)
../../.pyenv/versions/3.12.1/lib/python3.12/site-packages/requests/sessions.py:589: in request
    resp = self.send(prep, **send_kwargs)
../../.pyenv/versions/3.12.1/lib/python3.12/site-packages/requests/sessions.py:703: in send
    r = adapter.send(request, **kwargs)
../../.pyenv/versions/3.12.1/lib/python3.12/site-packages/requests/adapters.py:644: in send
    resp = conn.urlopen(
../../.pyenv/versions/3.12.1/lib/python3.12/site-packages/urllib3/connectionpool.py:787: in urlopen
    response = self._make_request(
../../.pyenv/versions/3.12.1/lib/python3.12/site-packages/urllib3/connectionpool.py:464: in _make_request
    self._validate_conn(conn)
../../.pyenv/versions/3.12.1/lib/python3.12/site-packages/urllib3/connectionpool.py:1093: in _validate_conn
    conn.connect()
../../.pyenv/versions/3.12.1/lib/python3.12/site-packages/urllib3/connection.py:759: in connect
    self.sock = sock = self._new_conn()
../../.pyenv/versions/3.12.1/lib/python3.12/site-packages/urllib3/connection.py:204: in _new_conn
    sock = connection.create_connection(
../../.pyenv/versions/3.12.1/lib/python3.12/site-packages/urllib3/util/connection.py:64: in create_connection
    sock = socket.socket(af, socktype, proto)
_ _ _ _ _ _ _ _ _ _ _ _ _ _ _ _ _ _ _ _ _ _ _ _ _ _ _ _ _ _ _ _ _ _ _ _ _ _ _ _ 

cls = <class 'pytest_socket.disable_socket.<locals>.GuardedSocket'>
family = <AddressFamily.AF_INET: 2>, type = <SocketKind.SOCK_STREAM: 1>
proto = 6, fileno = None

    def __new__(cls, family=-1, type=-1, proto=-1, fileno=None):
        if _is_unix_socket(family) and allow_unix_socket:
            return super().__new__(cls, family, type, proto, fileno)
    
>       raise SocketBlockedError()
E       pytest_socket.SocketBlockedError: A test tried to use socket.socket.

../../.pyenv/versions/3.12.1/lib/python3.12/site-packages/pytest_socket.py:89: SocketBlockedError
______________ test_repeated_login_failures_stay_unauthenticated _______________

    @pytest.mark.network
    def test_repeated_login_failures_stay_unauthenticated():
        """Calling login() multiple times with bad creds never authenticates."""
        c = PinergyClient(_BAD_EMAIL, _BAD_PASSWORD)
        for _ in range(2):
            with pytest.raises(PinergyAuthError):
>               c.login()

tests/integration/test_integration.py:113: 
_ _ _ _ _ _ _ _ _ _ _ _ _ _ _ _ _ _ _ _ _ _ _ _ _ _ _ _ _ _ _ _ _ _ _ _ _ _ _ _ 
src/pypinergy/client.py:237: in login
    data = self._request("POST", "/api/login/", json=payload, check_api_error=False)
src/pypinergy/client.py:168: in _request
    response = self._session.request(
src/pypinergy/client.py:43: in request
    return super().request(method, url, *args, **kwargs)
../../.pyenv/versions/3.12.1/lib/python3.12/site-packages/requests/sessions.py:589: in request
    resp = self.send(prep, **send_kwargs)
../../.pyenv/versions/3.12.1/lib/python3.12/site-packages/requests/sessions.py:703: in send
    r = adapter.send(request, **kwargs)
../../.pyenv/versions/3.12.1/lib/python3.12/site-packages/requests/adapters.py:644: in send
    resp = conn.urlopen(
../../.pyenv/versions/3.12.1/lib/python3.12/site-packages/urllib3/connectionpool.py:787: in urlopen
    response = self._make_request(
../../.pyenv/versions/3.12.1/lib/python3.12/site-packages/urllib3/connectionpool.py:464: in _make_request
    self._validate_conn(conn)
../../.pyenv/versions/3.12.1/lib/python3.12/site-packages/urllib3/connectionpool.py:1093: in _validate_conn
    conn.connect()
../../.pyenv/versions/3.12.1/lib/python3.12/site-packages/urllib3/connection.py:759: in connect
    self.sock = sock = self._new_conn()
../../.pyenv/versions/3.12.1/lib/python3.12/site-packages/urllib3/connection.py:204: in _new_conn
    sock = connection.create_connection(
../../.pyenv/versions/3.12.1/lib/python3.12/site-packages/urllib3/util/connection.py:64: in create_connection
    sock = socket.socket(af, socktype, proto)
_ _ _ _ _ _ _ _ _ _ _ _ _ _ _ _ _ _ _ _ _ _ _ _ _ _ _ _ _ _ _ _ _ _ _ _ _ _ _ _ 

cls = <class 'pytest_socket.disable_socket.<locals>.GuardedSocket'>
family = <AddressFamily.AF_INET: 2>, type = <SocketKind.SOCK_STREAM: 1>
proto = 6, fileno = None

    def __new__(cls, family=-1, type=-1, proto=-1, fileno=None):
        if _is_unix_socket(family) and allow_unix_socket:
            return super().__new__(cls, family, type, proto, fileno)
    
>       raise SocketBlockedError()
E       pytest_socket.SocketBlockedError: A test tried to use socket.socket.

../../.pyenv/versions/3.12.1/lib/python3.12/site-packages/pytest_socket.py:89: SocketBlockedError

---------- coverage: platform linux, python 3.12.1-final-0 -----------
Name                          Stmts   Miss  Cover   Missing
-----------------------------------------------------------
src/pypinergy/__init__.py         5      0   100%
src/pypinergy/_auth.py            3      0   100%
src/pypinergy/client.py         132      0   100%
src/pypinergy/exceptions.py      12      0   100%
src/pypinergy/models.py         280      1    99%   22
-----------------------------------------------------------
TOTAL                           432      1    99%

=========================== short test summary info ============================
FAILED tests/integration/test_integration.py::test_login_unknown_email_raises_auth_error
FAILED tests/integration/test_integration.py::test_login_empty_password_raises_auth_error
FAILED tests/integration/test_integration.py::test_login_failure_does_not_store_token
FAILED tests/integration/test_integration.py::test_login_error_message_is_non_empty
FAILED tests/integration/test_integration.py::test_auto_login_failure_propagates_through_api_call
FAILED tests/integration/test_integration.py::test_repeated_login_failures_stay_unauthenticated
================== 6 failed, 104 passed, 17 skipped in 4.95s ===================
